<?xml version="1.0" encoding="UTF-8"?>
<!-- Generated by org.testng.reporters.JUnitXMLReporter -->
<testsuite ignored="0" hostname="LAPTOP-PPUC8LJE" failures="0" tests="3" name="Default test" time="11.18" errors="0" timestamp="2023-11-03T21:13:38 IST">
  <testcase classname="cloud.BrowserStackRun" name="browserRun" time="10.512"/>
  <testcase classname="cloud.BrowserStackRun" name="browserRun" time="10.614"/>
  <testcase classname="cloud.BrowserStackRun" name="browserRun" time="11.129"/>
</testsuite> <!-- Default test -->
