<?xml version="1.0" encoding="UTF-8"?>
<!-- Generated by org.testng.reporters.JUnitXMLReporter -->
<testsuite ignored="1" hostname="LAPTOP-PPUC8LJE" failures="0" tests="1" name="Test2" time="0.015" errors="0" timestamp="2023-11-02T14:12:09 IST">
  <testcase classname="contactsTests.CreateContactB_C_Test" name="createContactMethodTest" time="0.0">
    <skipped/>
  </testcase> <!-- createContactMethodTest -->
  <testcase classname="contactsTests.CreateContactB_C_Test" name="demoFail" time="0.0">
    <ignored/>
  </testcase> <!-- demoFail -->
</testsuite> <!-- Test2 -->
