<?xml version="1.0" encoding="UTF-8"?>
<!-- Generated by org.testng.reporters.JUnitXMLReporter -->
<testsuite ignored="4" hostname="LAPTOP-PPUC8LJE" failures="0" tests="11" name="Test" time="0.691" errors="0" timestamp="2023-10-24T16:10:15 IST">
  <testcase classname="genericUtilities.BaseClass" name="@BeforeMethod bmConfig" time="0.019">
    <failure type="java.lang.NullPointerException" message="Cannot invoke &amp;quot;org.openqa.selenium.SearchContext.findElement(org.openqa.selenium.By)&amp;quot; because &amp;quot;this.searchContext&amp;quot; is null">
      <![CDATA[java.lang.NullPointerException: Cannot invoke "org.openqa.selenium.SearchContext.findElement(org.openqa.selenium.By)" because "this.searchContext" is null
at org.openqa.selenium.support.pagefactory.DefaultElementLocator.findElement(DefaultElementLocator.java:69)
at org.openqa.selenium.support.pagefactory.internal.LocatingElementHandler.invoke(LocatingElementHandler.java:38)
at jdk.proxy2/jdk.proxy2.$Proxy16.sendKeys(Unknown Source)
at objectReposatry.LoginPage.loginToApp(LoginPage.java:49)
at genericUtilities.BaseClass.bmConfig(BaseClass.java:84)
at java.base/java.util.ArrayList.forEach(ArrayList.java:1511)
... Removed 31 stack frames]]>
    </failure>
  </testcase> <!-- @BeforeMethod bmConfig -->
  <testcase classname="genericUtilities.BaseClass" name="@AfterMethod amConfig" time="0.014">
    <failure type="java.lang.NullPointerException">
      <![CDATA[java.lang.NullPointerException
at java.base/java.util.Objects.requireNonNull(Objects.java:209)
at org.openqa.selenium.interactions.Actions.<init>(Actions.java:65)
at genericUtilities.WebDriverUtility.mouseHoverAction(WebDriverUtility.java:129)
at objectReposatry.HomePage.logoyrOfApp(HomePage.java:85)
at genericUtilities.BaseClass.amConfig(BaseClass.java:93)
at java.base/java.util.ArrayList.forEach(ArrayList.java:1511)
... Removed 32 stack frames]]>
    </failure>
  </testcase> <!-- @AfterMethod amConfig -->
  <testcase classname="genericUtilities.BaseClass" name="@BeforeMethod bmConfig" time="0.001">
    <failure type="java.lang.NullPointerException" message="Cannot invoke &amp;quot;org.openqa.selenium.SearchContext.findElement(org.openqa.selenium.By)&amp;quot; because &amp;quot;this.searchContext&amp;quot; is null">
      <![CDATA[java.lang.NullPointerException: Cannot invoke "org.openqa.selenium.SearchContext.findElement(org.openqa.selenium.By)" because "this.searchContext" is null
at org.openqa.selenium.support.pagefactory.DefaultElementLocator.findElement(DefaultElementLocator.java:69)
at org.openqa.selenium.support.pagefactory.internal.LocatingElementHandler.invoke(LocatingElementHandler.java:38)
at jdk.proxy2/jdk.proxy2.$Proxy16.sendKeys(Unknown Source)
at objectReposatry.LoginPage.loginToApp(LoginPage.java:49)
at genericUtilities.BaseClass.bmConfig(BaseClass.java:84)
at java.base/java.util.ArrayList.forEach(ArrayList.java:1511)
... Removed 31 stack frames]]>
    </failure>
  </testcase> <!-- @BeforeMethod bmConfig -->
  <testcase classname="genericUtilities.BaseClass" name="@AfterMethod amConfig" time="0.001">
    <failure type="java.lang.NullPointerException">
      <![CDATA[java.lang.NullPointerException
at java.base/java.util.Objects.requireNonNull(Objects.java:209)
at org.openqa.selenium.interactions.Actions.<init>(Actions.java:65)
at genericUtilities.WebDriverUtility.mouseHoverAction(WebDriverUtility.java:129)
at objectReposatry.HomePage.logoyrOfApp(HomePage.java:85)
at genericUtilities.BaseClass.amConfig(BaseClass.java:93)
at java.base/java.util.ArrayList.forEach(ArrayList.java:1511)
... Removed 32 stack frames]]>
    </failure>
  </testcase> <!-- @AfterMethod amConfig -->
  <testcase classname="genericUtilities.BaseClass" name="@BeforeMethod bmConfig" time="0.002">
    <failure type="java.lang.NullPointerException" message="Cannot invoke &amp;quot;org.openqa.selenium.SearchContext.findElement(org.openqa.selenium.By)&amp;quot; because &amp;quot;this.searchContext&amp;quot; is null">
      <![CDATA[java.lang.NullPointerException: Cannot invoke "org.openqa.selenium.SearchContext.findElement(org.openqa.selenium.By)" because "this.searchContext" is null
at org.openqa.selenium.support.pagefactory.DefaultElementLocator.findElement(DefaultElementLocator.java:69)
at org.openqa.selenium.support.pagefactory.internal.LocatingElementHandler.invoke(LocatingElementHandler.java:38)
at jdk.proxy2/jdk.proxy2.$Proxy16.sendKeys(Unknown Source)
at objectReposatry.LoginPage.loginToApp(LoginPage.java:49)
at genericUtilities.BaseClass.bmConfig(BaseClass.java:84)
at java.base/java.util.ArrayList.forEach(ArrayList.java:1511)
... Removed 31 stack frames]]>
    </failure>
  </testcase> <!-- @BeforeMethod bmConfig -->
  <testcase classname="genericUtilities.BaseClass" name="@AfterMethod amConfig" time="0.001">
    <failure type="java.lang.NullPointerException">
      <![CDATA[java.lang.NullPointerException
at java.base/java.util.Objects.requireNonNull(Objects.java:209)
at org.openqa.selenium.interactions.Actions.<init>(Actions.java:65)
at genericUtilities.WebDriverUtility.mouseHoverAction(WebDriverUtility.java:129)
at objectReposatry.HomePage.logoyrOfApp(HomePage.java:85)
at genericUtilities.BaseClass.amConfig(BaseClass.java:93)
at java.base/java.util.ArrayList.forEach(ArrayList.java:1511)
... Removed 32 stack frames]]>
    </failure>
  </testcase> <!-- @AfterMethod amConfig -->
  <testcase classname="genericUtilities.BaseClass" name="@BeforeMethod bmConfig" time="0.001">
    <failure type="java.lang.NullPointerException" message="Cannot invoke &amp;quot;org.openqa.selenium.SearchContext.findElement(org.openqa.selenium.By)&amp;quot; because &amp;quot;this.searchContext&amp;quot; is null">
      <![CDATA[java.lang.NullPointerException: Cannot invoke "org.openqa.selenium.SearchContext.findElement(org.openqa.selenium.By)" because "this.searchContext" is null
at org.openqa.selenium.support.pagefactory.DefaultElementLocator.findElement(DefaultElementLocator.java:69)
at org.openqa.selenium.support.pagefactory.internal.LocatingElementHandler.invoke(LocatingElementHandler.java:38)
at jdk.proxy2/jdk.proxy2.$Proxy16.sendKeys(Unknown Source)
at objectReposatry.LoginPage.loginToApp(LoginPage.java:49)
at genericUtilities.BaseClass.bmConfig(BaseClass.java:84)
at java.base/java.util.ArrayList.forEach(ArrayList.java:1511)
... Removed 31 stack frames]]>
    </failure>
  </testcase> <!-- @BeforeMethod bmConfig -->
  <testcase classname="genericUtilities.BaseClass" name="@AfterMethod amConfig" time="0.0">
    <failure type="java.lang.NullPointerException">
      <![CDATA[java.lang.NullPointerException
at java.base/java.util.Objects.requireNonNull(Objects.java:209)
at org.openqa.selenium.interactions.Actions.<init>(Actions.java:65)
at genericUtilities.WebDriverUtility.mouseHoverAction(WebDriverUtility.java:129)
at objectReposatry.HomePage.logoyrOfApp(HomePage.java:85)
at genericUtilities.BaseClass.amConfig(BaseClass.java:93)
at java.base/java.util.ArrayList.forEach(ArrayList.java:1511)
... Removed 32 stack frames]]>
    </failure>
  </testcase> <!-- @AfterMethod amConfig -->
  <testcase classname="genericUtilities.BaseClass" name="@BeforeMethod bmConfig" time="0.001">
    <failure type="java.lang.NullPointerException" message="Cannot invoke &amp;quot;org.openqa.selenium.SearchContext.findElement(org.openqa.selenium.By)&amp;quot; because &amp;quot;this.searchContext&amp;quot; is null">
      <![CDATA[java.lang.NullPointerException: Cannot invoke "org.openqa.selenium.SearchContext.findElement(org.openqa.selenium.By)" because "this.searchContext" is null
at org.openqa.selenium.support.pagefactory.DefaultElementLocator.findElement(DefaultElementLocator.java:69)
at org.openqa.selenium.support.pagefactory.internal.LocatingElementHandler.invoke(LocatingElementHandler.java:38)
at jdk.proxy2/jdk.proxy2.$Proxy16.sendKeys(Unknown Source)
at objectReposatry.LoginPage.loginToApp(LoginPage.java:49)
at genericUtilities.BaseClass.bmConfig(BaseClass.java:84)
at java.base/java.util.ArrayList.forEach(ArrayList.java:1511)
... Removed 31 stack frames]]>
    </failure>
  </testcase> <!-- @BeforeMethod bmConfig -->
  <testcase classname="genericUtilities.BaseClass" name="@AfterMethod amConfig" time="0.002">
    <failure type="java.lang.NullPointerException">
      <![CDATA[java.lang.NullPointerException
at java.base/java.util.Objects.requireNonNull(Objects.java:209)
at org.openqa.selenium.interactions.Actions.<init>(Actions.java:65)
at genericUtilities.WebDriverUtility.mouseHoverAction(WebDriverUtility.java:129)
at objectReposatry.HomePage.logoyrOfApp(HomePage.java:85)
at genericUtilities.BaseClass.amConfig(BaseClass.java:93)
at java.base/java.util.ArrayList.forEach(ArrayList.java:1511)
... Removed 32 stack frames]]>
    </failure>
  </testcase> <!-- @AfterMethod amConfig -->
  <testcase classname="genericUtilities.BaseClass" name="@BeforeMethod bmConfig" time="0.0">
    <failure type="java.lang.NullPointerException" message="Cannot invoke &amp;quot;org.openqa.selenium.SearchContext.findElement(org.openqa.selenium.By)&amp;quot; because &amp;quot;this.searchContext&amp;quot; is null">
      <![CDATA[java.lang.NullPointerException: Cannot invoke "org.openqa.selenium.SearchContext.findElement(org.openqa.selenium.By)" because "this.searchContext" is null
at org.openqa.selenium.support.pagefactory.DefaultElementLocator.findElement(DefaultElementLocator.java:69)
at org.openqa.selenium.support.pagefactory.internal.LocatingElementHandler.invoke(LocatingElementHandler.java:38)
at jdk.proxy2/jdk.proxy2.$Proxy16.sendKeys(Unknown Source)
at objectReposatry.LoginPage.loginToApp(LoginPage.java:49)
at genericUtilities.BaseClass.bmConfig(BaseClass.java:84)
at java.base/java.util.ArrayList.forEach(ArrayList.java:1511)
... Removed 31 stack frames]]>
    </failure>
  </testcase> <!-- @BeforeMethod bmConfig -->
  <testcase classname="genericUtilities.BaseClass" name="@AfterMethod amConfig" time="0.001">
    <failure type="java.lang.NullPointerException">
      <![CDATA[java.lang.NullPointerException
at java.base/java.util.Objects.requireNonNull(Objects.java:209)
at org.openqa.selenium.interactions.Actions.<init>(Actions.java:65)
at genericUtilities.WebDriverUtility.mouseHoverAction(WebDriverUtility.java:129)
at objectReposatry.HomePage.logoyrOfApp(HomePage.java:85)
at genericUtilities.BaseClass.amConfig(BaseClass.java:93)
at java.base/java.util.ArrayList.forEach(ArrayList.java:1511)
... Removed 32 stack frames]]>
    </failure>
  </testcase> <!-- @AfterMethod amConfig -->
  <testcase classname="genericUtilities.BaseClass" name="@BeforeMethod bmConfig" time="0.001">
    <failure type="java.lang.NullPointerException" message="Cannot invoke &amp;quot;org.openqa.selenium.SearchContext.findElement(org.openqa.selenium.By)&amp;quot; because &amp;quot;this.searchContext&amp;quot; is null">
      <![CDATA[java.lang.NullPointerException: Cannot invoke "org.openqa.selenium.SearchContext.findElement(org.openqa.selenium.By)" because "this.searchContext" is null
at org.openqa.selenium.support.pagefactory.DefaultElementLocator.findElement(DefaultElementLocator.java:69)
at org.openqa.selenium.support.pagefactory.internal.LocatingElementHandler.invoke(LocatingElementHandler.java:38)
at jdk.proxy2/jdk.proxy2.$Proxy16.sendKeys(Unknown Source)
at objectReposatry.LoginPage.loginToApp(LoginPage.java:49)
at genericUtilities.BaseClass.bmConfig(BaseClass.java:84)
at java.base/java.util.ArrayList.forEach(ArrayList.java:1511)
... Removed 31 stack frames]]>
    </failure>
  </testcase> <!-- @BeforeMethod bmConfig -->
  <testcase classname="genericUtilities.BaseClass" name="@AfterMethod amConfig" time="0.001">
    <failure type="java.lang.NullPointerException">
      <![CDATA[java.lang.NullPointerException
at java.base/java.util.Objects.requireNonNull(Objects.java:209)
at org.openqa.selenium.interactions.Actions.<init>(Actions.java:65)
at genericUtilities.WebDriverUtility.mouseHoverAction(WebDriverUtility.java:129)
at objectReposatry.HomePage.logoyrOfApp(HomePage.java:85)
at genericUtilities.BaseClass.amConfig(BaseClass.java:93)
at java.base/java.util.ArrayList.forEach(ArrayList.java:1511)
... Removed 32 stack frames]]>
    </failure>
  </testcase> <!-- @AfterMethod amConfig -->
  <testcase classname="genericUtilities.BaseClass" name="@BeforeMethod bmConfig" time="0.001">
    <failure type="java.lang.NullPointerException" message="Cannot invoke &amp;quot;org.openqa.selenium.SearchContext.findElement(org.openqa.selenium.By)&amp;quot; because &amp;quot;this.searchContext&amp;quot; is null">
      <![CDATA[java.lang.NullPointerException: Cannot invoke "org.openqa.selenium.SearchContext.findElement(org.openqa.selenium.By)" because "this.searchContext" is null
at org.openqa.selenium.support.pagefactory.DefaultElementLocator.findElement(DefaultElementLocator.java:69)
at org.openqa.selenium.support.pagefactory.internal.LocatingElementHandler.invoke(LocatingElementHandler.java:38)
at jdk.proxy2/jdk.proxy2.$Proxy16.sendKeys(Unknown Source)
at objectReposatry.LoginPage.loginToApp(LoginPage.java:49)
at genericUtilities.BaseClass.bmConfig(BaseClass.java:84)
at java.base/java.util.ArrayList.forEach(ArrayList.java:1511)
... Removed 31 stack frames]]>
    </failure>
  </testcase> <!-- @BeforeMethod bmConfig -->
  <testcase classname="genericUtilities.BaseClass" name="@AfterMethod amConfig" time="0.001">
    <failure type="java.lang.NullPointerException">
      <![CDATA[java.lang.NullPointerException
at java.base/java.util.Objects.requireNonNull(Objects.java:209)
at org.openqa.selenium.interactions.Actions.<init>(Actions.java:65)
at genericUtilities.WebDriverUtility.mouseHoverAction(WebDriverUtility.java:129)
at objectReposatry.HomePage.logoyrOfApp(HomePage.java:85)
at genericUtilities.BaseClass.amConfig(BaseClass.java:93)
at java.base/java.util.ArrayList.forEach(ArrayList.java:1511)
... Removed 32 stack frames]]>
    </failure>
  </testcase> <!-- @AfterMethod amConfig -->
  <testcase classname="genericUtilities.BaseClass" name="@BeforeMethod bmConfig" time="0.0">
    <failure type="java.lang.NullPointerException" message="Cannot invoke &amp;quot;org.openqa.selenium.SearchContext.findElement(org.openqa.selenium.By)&amp;quot; because &amp;quot;this.searchContext&amp;quot; is null">
      <![CDATA[java.lang.NullPointerException: Cannot invoke "org.openqa.selenium.SearchContext.findElement(org.openqa.selenium.By)" because "this.searchContext" is null
at org.openqa.selenium.support.pagefactory.DefaultElementLocator.findElement(DefaultElementLocator.java:69)
at org.openqa.selenium.support.pagefactory.internal.LocatingElementHandler.invoke(LocatingElementHandler.java:38)
at jdk.proxy2/jdk.proxy2.$Proxy16.sendKeys(Unknown Source)
at objectReposatry.LoginPage.loginToApp(LoginPage.java:49)
at genericUtilities.BaseClass.bmConfig(BaseClass.java:84)
at java.base/java.util.ArrayList.forEach(ArrayList.java:1511)
... Removed 31 stack frames]]>
    </failure>
  </testcase> <!-- @BeforeMethod bmConfig -->
  <testcase classname="genericUtilities.BaseClass" name="@AfterMethod amConfig" time="0.001">
    <failure type="java.lang.NullPointerException">
      <![CDATA[java.lang.NullPointerException
at java.base/java.util.Objects.requireNonNull(Objects.java:209)
at org.openqa.selenium.interactions.Actions.<init>(Actions.java:65)
at genericUtilities.WebDriverUtility.mouseHoverAction(WebDriverUtility.java:129)
at objectReposatry.HomePage.logoyrOfApp(HomePage.java:85)
at genericUtilities.BaseClass.amConfig(BaseClass.java:93)
at java.base/java.util.ArrayList.forEach(ArrayList.java:1511)
... Removed 32 stack frames]]>
    </failure>
  </testcase> <!-- @AfterMethod amConfig -->
  <testcase classname="genericUtilities.BaseClass" name="@BeforeMethod bmConfig" time="0.0">
    <failure type="java.lang.NullPointerException" message="Cannot invoke &amp;quot;org.openqa.selenium.SearchContext.findElement(org.openqa.selenium.By)&amp;quot; because &amp;quot;this.searchContext&amp;quot; is null">
      <![CDATA[java.lang.NullPointerException: Cannot invoke "org.openqa.selenium.SearchContext.findElement(org.openqa.selenium.By)" because "this.searchContext" is null
at org.openqa.selenium.support.pagefactory.DefaultElementLocator.findElement(DefaultElementLocator.java:69)
at org.openqa.selenium.support.pagefactory.internal.LocatingElementHandler.invoke(LocatingElementHandler.java:38)
at jdk.proxy2/jdk.proxy2.$Proxy16.sendKeys(Unknown Source)
at objectReposatry.LoginPage.loginToApp(LoginPage.java:49)
at genericUtilities.BaseClass.bmConfig(BaseClass.java:84)
at java.base/java.util.ArrayList.forEach(ArrayList.java:1511)
... Removed 31 stack frames]]>
    </failure>
  </testcase> <!-- @BeforeMethod bmConfig -->
  <testcase classname="genericUtilities.BaseClass" name="@AfterMethod amConfig" time="0.001">
    <failure type="java.lang.NullPointerException">
      <![CDATA[java.lang.NullPointerException
at java.base/java.util.Objects.requireNonNull(Objects.java:209)
at org.openqa.selenium.interactions.Actions.<init>(Actions.java:65)
at genericUtilities.WebDriverUtility.mouseHoverAction(WebDriverUtility.java:129)
at objectReposatry.HomePage.logoyrOfApp(HomePage.java:85)
at genericUtilities.BaseClass.amConfig(BaseClass.java:93)
at java.base/java.util.ArrayList.forEach(ArrayList.java:1511)
... Removed 32 stack frames]]>
    </failure>
  </testcase> <!-- @AfterMethod amConfig -->
  <testcase classname="genericUtilities.BaseClass" name="@BeforeMethod bmConfig" time="0.002">
    <failure type="java.lang.NullPointerException" message="Cannot invoke &amp;quot;org.openqa.selenium.SearchContext.findElement(org.openqa.selenium.By)&amp;quot; because &amp;quot;this.searchContext&amp;quot; is null">
      <![CDATA[java.lang.NullPointerException: Cannot invoke "org.openqa.selenium.SearchContext.findElement(org.openqa.selenium.By)" because "this.searchContext" is null
at org.openqa.selenium.support.pagefactory.DefaultElementLocator.findElement(DefaultElementLocator.java:69)
at org.openqa.selenium.support.pagefactory.internal.LocatingElementHandler.invoke(LocatingElementHandler.java:38)
at jdk.proxy2/jdk.proxy2.$Proxy16.sendKeys(Unknown Source)
at objectReposatry.LoginPage.loginToApp(LoginPage.java:49)
at genericUtilities.BaseClass.bmConfig(BaseClass.java:84)
at java.base/java.util.ArrayList.forEach(ArrayList.java:1511)
... Removed 31 stack frames]]>
    </failure>
  </testcase> <!-- @BeforeMethod bmConfig -->
  <testcase classname="genericUtilities.BaseClass" name="@AfterMethod amConfig" time="0.001">
    <failure type="java.lang.NullPointerException">
      <![CDATA[java.lang.NullPointerException
at java.base/java.util.Objects.requireNonNull(Objects.java:209)
at org.openqa.selenium.interactions.Actions.<init>(Actions.java:65)
at genericUtilities.WebDriverUtility.mouseHoverAction(WebDriverUtility.java:129)
at objectReposatry.HomePage.logoyrOfApp(HomePage.java:85)
at genericUtilities.BaseClass.amConfig(BaseClass.java:93)
at java.base/java.util.ArrayList.forEach(ArrayList.java:1511)
... Removed 32 stack frames]]>
    </failure>
  </testcase> <!-- @AfterMethod amConfig -->
  <testcase classname="organizationTests.CreaateMultipleOrganization_DetailsedMethodTest" name="createMultipleOrg" time="0.0">
    <skipped/>
  </testcase> <!-- createMultipleOrg -->
  <testcase classname="organizationTests.CreaateMultipleOrganization_DetailsedMethodTest" name="createMultipleOrg" time="0.0">
    <skipped/>
  </testcase> <!-- createMultipleOrg -->
  <testcase classname="organizationTests.CreaateMultipleOrganization_DetailsedMethodTest" name="createMultipleOrg" time="0.0">
    <skipped/>
  </testcase> <!-- createMultipleOrg -->
  <testcase classname="organizationTests.CreaateMultipleOrganization_DetailsedMethodTest" name="createMultipleOrg" time="0.0">
    <skipped/>
  </testcase> <!-- createMultipleOrg -->
  <testcase classname="organizationTests.CreaateMultipleOrganization_DetailsedMethodTest" name="createMultipleOrg" time="0.0">
    <skipped/>
  </testcase> <!-- createMultipleOrg -->
  <testcase classname="organizationTests.CreaateMultipleOrganizationTest" name="createMultipleOrg" time="0.0">
    <skipped/>
  </testcase> <!-- createMultipleOrg -->
  <testcase classname="organizationTests.CreaateMultipleOrganizationTest" name="createMultipleOrg" time="0.0">
    <skipped/>
  </testcase> <!-- createMultipleOrg -->
  <testcase classname="organizationTests.CreaateMultipleOrganizationTest" name="createMultipleOrg" time="0.0">
    <skipped/>
  </testcase> <!-- createMultipleOrg -->
  <testcase classname="organizationTests.CreaateMultipleOrganizationTest" name="createMultipleOrg" time="0.0">
    <skipped/>
  </testcase> <!-- createMultipleOrg -->
  <testcase classname="organizationTests.CreaateMultipleOrganizationTest" name="createMultipleOrg" time="0.0">
    <skipped/>
  </testcase> <!-- createMultipleOrg -->
  <testcase classname="organizationTests.CreateOrganiationWithIndustryTest" name="createOrgWithIndustryTest" time="0.0">
    <skipped/>
  </testcase> <!-- createOrgWithIndustryTest -->
  <testcase classname="genericUtilities.BaseClass" name="@BeforeSuite bsConfig" time="0.0">
    <ignored/>
  </testcase> <!-- @BeforeSuite bsConfig -->
  <testcase classname="genericUtilities.BaseClass" name="@AfterSuite asConfig" time="0.0">
    <ignored/>
  </testcase> <!-- @AfterSuite asConfig -->
  <testcase classname="genericUtilities.BaseClass" name="@AfterSuite asConfig" time="0.0">
    <ignored/>
  </testcase> <!-- @AfterSuite asConfig -->
  <testcase classname="genericUtilities.BaseClass" name="@BeforeSuite bsConfig" time="0.0">
    <ignored/>
  </testcase> <!-- @BeforeSuite bsConfig -->
</testsuite> <!-- Test -->
