<?xml version="1.0" encoding="UTF-8"?>
<testng-results ignored="0" total="3" passed="3" failed="0" skipped="0">
  <reporter-output>
    <line>
      <![CDATA[Navigate to contacts ]]>
    </line>
    <line>
      <![CDATA[Click on lookup image]]>
    </line>
    <line>
      <![CDATA[Fill all required details in contats page]]>
    </line>
    <line>
      <![CDATA[Verification, whether contact is created or not]]>
    </line>
  </reporter-output>
  <suite started-at="2023-11-02T17:15:24 IST" name="Suite" finished-at="2023-11-02T17:15:50 IST" duration-ms="26858">
    <groups>
      <group name="SmokeTest">
        <method signature="CreateContactB_C_Test.createContactMethodTest()[pri:0, instance:contactsTests.CreateContactB_C_Test@31190526]" name="createContactMethodTest" class="contactsTests.CreateContactB_C_Test"/>
      </group> <!-- SmokeTest -->
      <group name="RegressionTest">
        <method signature="CreateContactWithOrgAndProductTest.createContactWithOrgAndProdTest()[pri:0, instance:contactsTests.CreateContactWithOrgAndProductTest@78691363]" name="createContactWithOrgAndProdTest" class="contactsTests.CreateContactWithOrgAndProductTest"/>
      </group> <!-- RegressionTest -->
    </groups>
    <test started-at="2023-11-02T17:15:24 IST" name="Test2" finished-at="2023-11-02T17:15:45 IST" duration-ms="21363">
      <class name="contactsTests.CreateContactB_C_Test">
        <test-method is-config="true" signature="bsConfig()[pri:0, instance:contactsTests.CreateContactB_C_Test@31190526]" started-at="2023-11-02T17:15:24 IST" name="bsConfig" finished-at="2023-11-02T17:15:24 IST" duration-ms="8" status="PASS">
          <reporter-output>
          </reporter-output>
        </test-method> <!-- bsConfig -->
        <test-method is-config="true" signature="bcConfig()[pri:0, instance:contactsTests.CreateContactB_C_Test@31190526]" started-at="2023-11-02T17:15:24 IST" name="bcConfig" finished-at="2023-11-02T17:15:28 IST" duration-ms="3984" status="PASS">
          <reporter-output>
          </reporter-output>
        </test-method> <!-- bcConfig -->
        <test-method is-config="true" signature="bmConfig()[pri:0, instance:contactsTests.CreateContactB_C_Test@31190526]" started-at="2023-11-02T17:15:28 IST" name="bmConfig" finished-at="2023-11-02T17:15:30 IST" duration-ms="2012" status="PASS">
          <reporter-output>
          </reporter-output>
        </test-method> <!-- bmConfig -->
        <test-method signature="createContactMethodTest()[pri:0, instance:contactsTests.CreateContactB_C_Test@31190526]" started-at="2023-11-02T17:15:30 IST" name="createContactMethodTest" finished-at="2023-11-02T17:15:37 IST" duration-ms="7014" status="PASS">
          <reporter-output>
            <line>
              <![CDATA[Navigate to contacts ]]>
            </line>
            <line>
              <![CDATA[Click on lookup image]]>
            </line>
            <line>
              <![CDATA[Fill all required details in contats page]]>
            </line>
            <line>
              <![CDATA[Verification, whether contact is created or not]]>
            </line>
          </reporter-output>
        </test-method> <!-- createContactMethodTest -->
        <test-method is-config="true" signature="amConfig()[pri:0, instance:contactsTests.CreateContactB_C_Test@31190526]" started-at="2023-11-02T17:15:37 IST" name="amConfig" finished-at="2023-11-02T17:15:40 IST" duration-ms="2883" status="PASS">
          <reporter-output>
          </reporter-output>
        </test-method> <!-- amConfig -->
        <test-method is-config="true" signature="bmConfig()[pri:0, instance:contactsTests.CreateContactB_C_Test@31190526]" started-at="2023-11-02T17:15:40 IST" name="bmConfig" finished-at="2023-11-02T17:15:41 IST" duration-ms="1466" status="PASS">
          <reporter-output>
          </reporter-output>
        </test-method> <!-- bmConfig -->
        <test-method signature="demoFail()[pri:0, instance:contactsTests.CreateContactB_C_Test@31190526]" started-at="2023-11-02T17:15:41 IST" name="demoFail" finished-at="2023-11-02T17:15:41 IST" duration-ms="2" status="PASS">
          <reporter-output>
          </reporter-output>
        </test-method> <!-- demoFail -->
        <test-method is-config="true" signature="amConfig()[pri:0, instance:contactsTests.CreateContactB_C_Test@31190526]" started-at="2023-11-02T17:15:41 IST" name="amConfig" finished-at="2023-11-02T17:15:44 IST" duration-ms="2996" status="PASS">
          <reporter-output>
          </reporter-output>
        </test-method> <!-- amConfig -->
        <test-method is-config="true" signature="acConfig()[pri:0, instance:contactsTests.CreateContactB_C_Test@31190526]" started-at="2023-11-02T17:15:44 IST" name="acConfig" finished-at="2023-11-02T17:15:45 IST" duration-ms="789" status="PASS">
          <reporter-output>
          </reporter-output>
        </test-method> <!-- acConfig -->
        <test-method is-config="true" signature="asConfig()[pri:0, instance:contactsTests.CreateContactB_C_Test@31190526]" started-at="2023-11-02T17:15:50 IST" name="asConfig" finished-at="2023-11-02T17:15:50 IST" duration-ms="1" status="PASS">
          <reporter-output>
          </reporter-output>
        </test-method> <!-- asConfig -->
      </class> <!-- contactsTests.CreateContactB_C_Test -->
    </test> <!-- Test2 -->
    <test started-at="2023-11-02T17:15:24 IST" name="Test1" finished-at="2023-11-02T17:15:50 IST" duration-ms="26858">
      <class name="contactsTests.CreateContactWithOrgAndProductTest">
        <test-method is-config="true" signature="bcConfig()[pri:0, instance:contactsTests.CreateContactWithOrgAndProductTest@78691363]" started-at="2023-11-02T17:15:24 IST" name="bcConfig" finished-at="2023-11-02T17:15:28 IST" duration-ms="3759" status="PASS">
          <reporter-output>
          </reporter-output>
        </test-method> <!-- bcConfig -->
        <test-method is-config="true" signature="bmConfig()[pri:0, instance:contactsTests.CreateContactWithOrgAndProductTest@78691363]" started-at="2023-11-02T17:15:28 IST" name="bmConfig" finished-at="2023-11-02T17:15:29 IST" duration-ms="1677" status="PASS">
          <reporter-output>
          </reporter-output>
        </test-method> <!-- bmConfig -->
        <test-method signature="createContactWithOrgAndProdTest()[pri:0, instance:contactsTests.CreateContactWithOrgAndProductTest@78691363]" started-at="2023-11-02T17:15:29 IST" name="createContactWithOrgAndProdTest" finished-at="2023-11-02T17:15:47 IST" duration-ms="17627" status="PASS">
          <reporter-output>
          </reporter-output>
        </test-method> <!-- createContactWithOrgAndProdTest -->
        <test-method is-config="true" signature="amConfig()[pri:0, instance:contactsTests.CreateContactWithOrgAndProductTest@78691363]" started-at="2023-11-02T17:15:47 IST" name="amConfig" finished-at="2023-11-02T17:15:50 IST" duration-ms="2792" status="PASS">
          <reporter-output>
          </reporter-output>
        </test-method> <!-- amConfig -->
        <test-method is-config="true" signature="acConfig()[pri:0, instance:contactsTests.CreateContactWithOrgAndProductTest@78691363]" started-at="2023-11-02T17:15:50 IST" name="acConfig" finished-at="2023-11-02T17:15:50 IST" duration-ms="767" status="PASS">
          <reporter-output>
          </reporter-output>
        </test-method> <!-- acConfig -->
      </class> <!-- contactsTests.CreateContactWithOrgAndProductTest -->
    </test> <!-- Test1 -->
  </suite> <!-- Suite -->
</testng-results>
