<?xml version="1.0" encoding="UTF-8"?>
<testng-results ignored="0" total="1" passed="1" failed="0" skipped="0">
  <reporter-output>
  </reporter-output>
  <suite started-at="2024-02-02T13:01:35 IST" name="Default suite" finished-at="2024-02-02T13:01:47 IST" duration-ms="11569">
    <groups>
    </groups>
    <test started-at="2024-02-02T13:01:35 IST" name="Default test" finished-at="2024-02-02T13:01:47 IST" duration-ms="11569">
      <class name="practice.ShoppingCartApplication">
        <test-method signature="main()[pri:0, instance:practice.ShoppingCartApplication@c8c12ac]" started-at="2024-02-02T13:01:35 IST" name="main" finished-at="2024-02-02T13:01:47 IST" duration-ms="11489" status="PASS">
          <reporter-output>
          </reporter-output>
        </test-method> <!-- main -->
      </class> <!-- practice.ShoppingCartApplication -->
    </test> <!-- Default test -->
  </suite> <!-- Default suite -->
</testng-results>
